Build started 23/05/2014 18:37:32.
     1>Project "C:\Users\Stefano\Documents\GitHub\e3valueEditor\EditorE3value\EditorE3value\EditorE3value.vcxproj" on node 2 (build target(s)).
     1>InitializeBuildStatus:
         Creating "Debug\EditorE3value.unsuccessfulbuild" because "AlwaysCreate" was specified.
       ClCompile:
         C:\Program Files (x86)\Microsoft Visual Studio 10.0\VC\bin\CL.exe /c /ZI /nologo /W3 /WX- /Od /Oy- /D WIN32 /D _DEBUG /D _WINDOWS /D _UNICODE /D UNICODE /Gm /EHsc /RTC1 /MTd /GS /fp:precise /Zc:wchar_t /Zc:forScope /Fo"Debug\\" /Fd"Debug\vc100.pdb" /Gd /TP /analyze- /errorReport:prompt Actor.cpp
         Actor.cpp
       Link:
         C:\Program Files (x86)\Microsoft Visual Studio 10.0\VC\bin\link.exe /ERRORREPORT:PROMPT /OUT:"C:\Users\Stefano\Documents\GitHub\e3valueEditor\EditorE3value\Debug\EditorE3value.exe" /INCREMENTAL:NO /NOLOGO kernel32.lib user32.lib gdi32.lib winspool.lib comdlg32.lib advapi32.lib shell32.lib ole32.lib oleaut32.lib uuid.lib odbc32.lib odbccp32.lib /MANIFEST /ManifestFile:"Debug\EditorE3value.exe.intermediate.manifest" /MANIFESTUAC:"level='asInvoker' uiAccess='false'" /DEBUG /PDB:"C:\Users\Stefano\Documents\GitHub\e3valueEditor\EditorE3value\Debug\EditorE3value.pdb" /SUBSYSTEM:WINDOWS /TLBID:1 /DYNAMICBASE /NXCOMPAT /IMPLIB:"C:\Users\Stefano\Documents\GitHub\e3valueEditor\EditorE3value\Debug\EditorE3value.lib" /MACHINE:X86 Debug\Actor.obj
         Debug\editor.obj
         Debug\precomp.obj
         Debug\program.obj
     1>Actor.obj : warning LNK4075: ignoring '/EDITANDCONTINUE' due to '/INCREMENTAL:NO' specification
         EditorE3value.vcxproj -> C:\Users\Stefano\Documents\GitHub\e3valueEditor\EditorE3value\Debug\EditorE3value.exe
       Manifest:
         C:\Program Files (x86)\Microsoft SDKs\Windows\v7.0A\bin\mt.exe /nologo /verbose /outputresource:"C:\Users\Stefano\Documents\GitHub\e3valueEditor\EditorE3value\Debug\EditorE3value.exe;#1" /manifest Debug\EditorE3value.exe.intermediate.manifest
       FinalizeBuildStatus:
         Deleting file "Debug\EditorE3value.unsuccessfulbuild".
         Touching "Debug\EditorE3value.lastbuildstate".
     1>Done Building Project "C:\Users\Stefano\Documents\GitHub\e3valueEditor\EditorE3value\EditorE3value\EditorE3value.vcxproj" (build target(s)).

Build succeeded.

Time Elapsed 00:00:06.89
